<?xml version="1.0" encoding="UTF-8"?>
<!-- Generated by org.testng.reporters.JUnitReportReporter -->
<testsuite hostname="DESKTOP-OQJ51AE" failures="0" tests="1" name="Jenkins_package.NewTest" time="5.381" errors="0" timestamp="2025-08-25T17:31:49 IST" skipped="0">
  <testcase classname="Jenkins_package.NewTest" name="f" time="5.381"/>
</testsuite> <!-- Jenkins_package.NewTest -->
