<?xml version="1.0" encoding="UTF-8"?>
<!-- Generated by org.testng.reporters.JUnitReportReporter -->
<testsuite hostname="DESKTOP-OQJ51AE" failures="0" tests="1" name="Testng_package.LoginTest" time="6.872" errors="0" timestamp="2025-08-19T23:15:58 IST" skipped="0">
  <testcase classname="Testng_package.LoginTest" name="testLogin" time="6.872"/>
</testsuite> <!-- Testng_package.LoginTest -->
