<?xml version="1.0" encoding="UTF-8"?>
<!-- Generated by org.testng.reporters.JUnitReportReporter -->
<testsuite hostname="DESKTOP-OQJ51AE" failures="0" tests="3" name="Testng_package.ebay_firefox" time="45.470" errors="0" timestamp="2025-08-15T23:20:31 IST" skipped="0">
  <testcase classname="Testng_package.ebay_firefox" name="searchmultipleitems" time="13.342"/>
  <testcase classname="Testng_package.ebay_firefox" name="shopbycategory" time="20.357"/>
  <testcase classname="Testng_package.ebay_firefox" name="shopbycategoryall" time="11.771"/>
</testsuite> <!-- Testng_package.ebay_firefox -->
