<?xml version="1.0" encoding="UTF-8"?>
<!-- Generated by org.testng.reporters.JUnitReportReporter -->
<testsuite hostname="DESKTOP-OQJ51AE" failures="0" tests="1" name="Testng_package.Testclass2" time="8.991" errors="0" timestamp="2025-08-14T13:04:47 IST" skipped="0">
  <testcase classname="Testng_package.Testclass2" name="Zerobank" time="8.991"/>
</testsuite> <!-- Testng_package.Testclass2 -->
