<?xml version="1.0" encoding="UTF-8"?>
<!-- Generated by org.testng.reporters.JUnitReportReporter -->
<testsuite hostname="DESKTOP-OQJ51AE" failures="0" tests="1" name="Testng_package.Explicit_wait" time="6.234" errors="0" timestamp="2025-08-14T16:41:58 IST" skipped="0">
  <testcase classname="Testng_package.Explicit_wait" name="f" time="6.234"/>
</testsuite> <!-- Testng_package.Explicit_wait -->
