<?xml version="1.0" encoding="UTF-8"?>
<!-- Generated by org.testng.reporters.JUnitReportReporter -->
<testsuite hostname="DESKTOP-OQJ51AE" failures="0" tests="6" name="Testng_package.Ebay_all_pom" time="43.129" errors="0" timestamp="2025-08-16T14:44:28 IST" skipped="0">
  <testcase classname="Testng_package.Ebay_all_pom" name="login" time="3.430"/>
  <testcase classname="Testng_package.Ebay_all_pom" name="searchmultipleitems" time="13.975"/>
  <testcase classname="Testng_package.Ebay_all_pom" name="addtocart1" time="12.035"/>
  <testcase classname="Testng_package.Ebay_all_pom" name="changeaddress" time="6.509"/>
  <testcase classname="Testng_package.Ebay_all_pom" name="shopbycategory" time="4.177"/>
  <testcase classname="Testng_package.Ebay_all_pom" name="shopbycategoryall" time="3.003"/>
</testsuite> <!-- Testng_package.Ebay_all_pom -->
