<?xml version="1.0" encoding="UTF-8"?>
<!-- Generated by org.testng.reporters.JUnitReportReporter -->
<testsuite hostname="DESKTOP-OQJ51AE" failures="0" tests="1" name="Testng_package.Testclass1" time="6.853" errors="0" timestamp="2025-08-14T13:04:47 IST" skipped="0">
  <testcase classname="Testng_package.Testclass1" name="flipkart" time="6.853"/>
</testsuite> <!-- Testng_package.Testclass1 -->
