<?xml version="1.0" encoding="UTF-8"?>
<!-- Generated by org.testng.reporters.JUnitReportReporter -->
<testsuite hostname="DESKTOP-OQJ51AE" failures="0" tests="3" name="Testng_package.ebay_edge" time="19.021" errors="0" timestamp="2025-08-15T23:20:31 IST" skipped="0">
  <testcase classname="Testng_package.ebay_edge" name="searchmultipleitems" time="6.701"/>
  <testcase classname="Testng_package.ebay_edge" name="shopbycategory" time="7.641"/>
  <testcase classname="Testng_package.ebay_edge" name="shopbycategoryall" time="4.679"/>
</testsuite> <!-- Testng_package.ebay_edge -->
