<?xml version="1.0" encoding="UTF-8"?>
<!-- Generated by org.testng.reporters.JUnitReportReporter -->
<testsuite hostname="DESKTOP-OQJ51AE" failures="0" tests="2" name="Testng_package.Repeattest" time="37.832" errors="0" timestamp="2025-08-19T23:13:08 IST" skipped="0">
  <testcase classname="Testng_package.Repeattest" name="search" time="18.648"/>
  <testcase classname="Testng_package.Repeattest" name="search" time="19.184"/>
</testsuite> <!-- Testng_package.Repeattest -->
