<?xml version="1.0" encoding="UTF-8"?>
<!-- Generated by org.testng.reporters.JUnitReportReporter -->
<testsuite hostname="DESKTOP-OQJ51AE" failures="0" tests="4" name="Testng_package.Para_Testing" time="37.512" errors="0" timestamp="2025-08-14T12:51:55 IST" skipped="0">
  <testcase classname="Testng_package.Para_Testing" name="flipkart" time="9.531"/>
  <testcase classname="Testng_package.Para_Testing" name="Zerobank" time="8.980"/>
  <testcase classname="Testng_package.Para_Testing" name="amazon" time="11.673"/>
  <testcase classname="Testng_package.Para_Testing" name="eBay" time="7.328"/>
</testsuite> <!-- Testng_package.Para_Testing -->
