<?xml version="1.0" encoding="UTF-8"?>
<!-- Generated by org.testng.reporters.JUnitReportReporter -->
<testsuite hostname="DESKTOP-OQJ51AE" failures="0" tests="4" name="Testng_package.ExcelTest" time="26.338" errors="0" timestamp="2025-08-19T23:20:13 IST" skipped="0">
  <testcase classname="Testng_package.ExcelTest" name="testLogin" time="6.373"/>
  <testcase classname="Testng_package.ExcelTest" name="testLogin" time="6.548"/>
  <testcase classname="Testng_package.ExcelTest" name="testLogin" time="6.761"/>
  <testcase classname="Testng_package.ExcelTest" name="testLogin" time="6.656"/>
</testsuite> <!-- Testng_package.ExcelTest -->
