<?xml version="1.0" encoding="UTF-8"?>
<!-- Generated by org.testng.reporters.JUnitReportReporter -->
<testsuite hostname="DESKTOP-OQJ51AE" failures="0" tests="3" name="Testng_package.Ebay_testing" time="15.642" errors="0" timestamp="2025-08-13T12:31:53 IST" skipped="0">
  <testcase classname="Testng_package.Ebay_testing" name="search1" time="5.524"/>
  <testcase classname="Testng_package.Ebay_testing" name="search" time="5.379"/>
  <testcase classname="Testng_package.Ebay_testing" name="search2" time="4.739"/>
</testsuite> <!-- Testng_package.Ebay_testing -->
