<?xml version="1.0" encoding="UTF-8"?>
<!-- Generated by org.testng.reporters.JUnitReportReporter -->
<testsuite hostname="DESKTOP-OQJ51AE" failures="0" tests="3" name="Testng_package.Depends" time="53.496" errors="0" timestamp="2025-08-19T23:18:26 IST" skipped="0">
  <testcase classname="Testng_package.Depends" name="logout" time="12.409"/>
  <testcase classname="Testng_package.Depends" name="search" time="20.569"/>
  <testcase classname="Testng_package.Depends" name="login" time="20.518"/>
</testsuite> <!-- Testng_package.Depends -->
