<?xml version="1.0" encoding="UTF-8"?>
<!-- Generated by org.testng.reporters.JUnitReportReporter -->
<testsuite hostname="DESKTOP-OQJ51AE" failures="0" tests="1" name="Testng_package.CrossBrowser_Testing" time="6.633" errors="0" timestamp="2025-08-14T14:54:00 IST" skipped="0">
  <testcase classname="Testng_package.CrossBrowser_Testing" name="edge" time="6.633"/>
</testsuite> <!-- Testng_package.CrossBrowser_Testing -->
