<?xml version="1.0" encoding="UTF-8"?>
<!-- Generated by org.testng.reporters.JUnitReportReporter -->
<testsuite hostname="DESKTOP-OQJ51AE" failures="0" tests="1" name="Testng_package.Ebay" time="5.266" errors="0" timestamp="2025-08-16T12:23:34 IST" skipped="0">
  <testcase classname="Testng_package.Ebay" name="searchmultipleitems" time="5.266"/>
</testsuite> <!-- Testng_package.Ebay -->
