<?xml version="1.0" encoding="UTF-8"?>
<!-- Generated by org.testng.reporters.JUnitReportReporter -->
<testsuite hostname="DESKTOP-OQJ51AE" failures="0" tests="3" name="Testng_package.Pause" time="38.226" errors="0" timestamp="2025-08-19T23:09:43 IST" skipped="1">
  <testcase classname="Testng_package.Pause" name="logout" time="13.396"/>
  <testcase classname="Testng_package.Pause" name="login" time="24.830"/>
  <testcase classname="Testng_package.Pause" name="search">
    <skipped/>
  </testcase> <!-- search -->
</testsuite> <!-- Testng_package.Pause -->
