<?xml version="1.0" encoding="UTF-8"?>
<!-- Generated by org.testng.reporters.JUnitReportReporter -->
<testsuite hostname="DESKTOP-OQJ51AE" failures="0" tests="1" name="Testng_package.ebay_ed" time="34.699" errors="0" timestamp="2025-08-19T23:26:18 IST" skipped="0">
  <testcase classname="Testng_package.ebay_ed" name="search" time="34.699"/>
</testsuite> <!-- Testng_package.ebay_ed -->
