<?xml version="1.0" encoding="UTF-8"?>
<!-- Generated by org.testng.reporters.JUnitReportReporter -->
<testsuite hostname="DESKTOP-OQJ51AE" failures="0" tests="2" name="hospital.HospitalManagementTest" time="1.284" errors="0" timestamp="2025-08-23T15:29:20 IST" skipped="0">
  <testcase classname="hospital.HospitalManagementTest" name="testInvalidLoginWithMockDB" time="1.273"/>
  <testcase classname="hospital.HospitalManagementTest" name="testValidLoginWithMockDB" time="0.011"/>
</testsuite> <!-- hospital.HospitalManagementTest -->
